<?xml version="1.0" encoding="UTF-8"?>
<testng-results ignored="0" total="1" passed="1" failed="0" skipped="0">
  <reporter-output>
  </reporter-output>
  <suite started-at="2026-01-06T15:30:33 IST" name="Default suite" finished-at="2026-01-06T15:30:40 IST" duration-ms="6304">
    <groups>
    </groups>
    <test started-at="2026-01-06T15:30:33 IST" name="Default test" finished-at="2026-01-06T15:30:40 IST" duration-ms="6304">
      <class name="assignment.Amazon_ProductColorTest">
        <test-method signature="product_ColorTest()[pri:0, instance:assignment.Amazon_ProductColorTest@436813f3]" started-at="2026-01-06T15:30:33 IST" name="product_ColorTest" finished-at="2026-01-06T15:30:40 IST" duration-ms="6244" status="PASS">
          <reporter-output>
          </reporter-output>
        </test-method> <!-- product_ColorTest -->
      </class> <!-- assignment.Amazon_ProductColorTest -->
    </test> <!-- Default test -->
  </suite> <!-- Default suite -->
</testng-results>
