<?xml version="1.0" encoding="UTF-8"?>
<testng-results ignored="0" total="1" passed="1" failed="0" skipped="0">
  <reporter-output>
  </reporter-output>
  <suite started-at="2026-01-13T10:50:35 IST" name="Default suite" finished-at="2026-01-13T10:50:35 IST" duration-ms="57">
    <groups>
    </groups>
    <test started-at="2026-01-13T10:50:35 IST" name="Default test" finished-at="2026-01-13T10:50:35 IST" duration-ms="57">
      <class name="practice.NewClassByKaif">
        <test-method signature="newMetodTest()[pri:0, instance:practice.NewClassByKaif@10e31a9a]" started-at="2026-01-13T10:50:35 IST" name="newMetodTest" finished-at="2026-01-13T10:50:35 IST" duration-ms="8" status="PASS">
          <reporter-output>
          </reporter-output>
        </test-method> <!-- newMetodTest -->
      </class> <!-- practice.NewClassByKaif -->
    </test> <!-- Default test -->
  </suite> <!-- Default suite -->
</testng-results>
