<?xml version="1.0" encoding="UTF-8"?>
<!-- Generated by org.testng.reporters.JUnitReportReporter -->
<testsuite hostname="HAQUE2531" failures="0" tests="4" name="assignment.PriorityTest" time="0.021" errors="0" timestamp="2025-07-17T13:25:52 IST" skipped="0">
  <testcase classname="assignment.PriorityTest" name="tes2" time="0.015"/>
  <system-out/>
  <testcase classname="assignment.PriorityTest" name="tes1" time="0.002"/>
  <system-out/>
  <testcase classname="assignment.PriorityTest" name="tes3" time="0.003"/>
  <system-out/>
  <testcase classname="assignment.PriorityTest" name="tes4" time="0.001"/>
  <system-out/>
</testsuite> <!-- assignment.PriorityTest -->
