<?xml version="1.0" encoding="UTF-8"?>
<!-- Generated by org.testng.reporters.JUnitReportReporter -->
<testsuite hostname="HAQUE2531" failures="0" tests="4" name="DataProvider.PracticeOne" time="0.015" errors="0" timestamp="2025-09-08T09:41:57 IST" skipped="0">
  <testcase classname="DataProvider.PracticeOne" name="m1Test" time="0.002"/>
  <system-out/>
  <testcase classname="DataProvider.PracticeOne" name="m1Test" time="0.010"/>
  <system-out/>
  <testcase classname="DataProvider.PracticeOne" name="m1Test" time="0.001"/>
  <system-out/>
  <testcase classname="DataProvider.PracticeOne" name="m1Test" time="0.002"/>
  <system-out/>
</testsuite> <!-- DataProvider.PracticeOne -->
