<?xml version="1.0" encoding="UTF-8"?>
<!-- Generated by org.testng.reporters.JUnitReportReporter -->
<testsuite hostname="HAQUE2531" failures="0" tests="3" name="practice.BrokenImage" time="0.015" errors="0" timestamp="2025-09-11T18:09:35 IST" skipped="0">
  <testcase classname="practice.BrokenImage" name="m3" time="0.002"/>
  <system-out/>
  <testcase classname="practice.BrokenImage" name="m2" time="0.001"/>
  <system-out/>
  <testcase classname="practice.BrokenImage" name="m1" time="0.012"/>
  <system-out/>
</testsuite> <!-- practice.BrokenImage -->
